
======== GPU REPORT ========

==============NVSMI LOG==============

Timestamp                           : Tue Sep 11 17:56:09 2018
Driver Version                      : 390.25

Attached GPUs                       : 2
GPU 00000000:05:00.0
    Accounting Mode                 : Enabled
    Accounting Mode Buffer Size     : 1920
    Accounted Processes             : None

GPU 00000000:09:00.0
    Accounting Mode                 : Enabled
    Accounting Mode Buffer Size     : 1920
    Accounted Processes
        Process ID                  : 18652
            GPU Utilization         : 5 %
            Memory Utilization      : 2 %
            Max memory usage        : 11967 MiB
            Time                    : 1967708 ms
            Is Running              : 0
        Process ID                  : 1081
            GPU Utilization         : 5 %
            Memory Utilization      : 2 %
            Max memory usage        : 0 MiB
            Time                    : 1967665 ms
            Is Running              : 0

Tue Sep 11 17:56:09 2018       
+-----------------------------------------------------------------------------+
| NVIDIA-SMI 390.25                 Driver Version: 390.25                    |
|-------------------------------+----------------------+----------------------+
| GPU  Name        Persistence-M| Bus-Id        Disp.A | Volatile Uncorr. ECC |
| Fan  Temp  Perf  Pwr:Usage/Cap|         Memory-Usage | GPU-Util  Compute M. |
|===============================+======================+======================|
|   0  GeForce GTX 750     Off  | 00000000:05:00.0  On |                  N/A |
| N/A   60C    P8     1W /  38W |     37MiB /  2001MiB |      0%      Default |
+-------------------------------+----------------------+----------------------+
|   1  GeForce GTX TIT...  Off  | 00000000:09:00.0 Off |                  N/A |
| 22%   49C    P8    16W / 250W |      1MiB / 12212MiB |      0%      Default |
+-------------------------------+----------------------+----------------------+
                                                                               
+-----------------------------------------------------------------------------+
| Processes:                                                       GPU Memory |
|  GPU       PID   Type   Process name                             Usage      |
|=============================================================================|
|    0      1545      G   /usr/bin/X                                    35MiB |
+-----------------------------------------------------------------------------+
