stream: rgb   idx: 681
datasets/ViolentHumanActions_v1/data/test/juggling_soccer_ball/juggling_soccer_ball-Kinetics-test-0019.mp4
THCudaCheck FAIL file=/pytorch/torch/lib/THC/generic/THCStorage.cu line=58 error=2 : out of memory
error handling video 681
stream: rgb   idx: 682
datasets/ViolentHumanActions_v1/data/test/juggling_soccer_ball/juggling_soccer_ball-Kinetics-test-0021.mp4
error handling video 682
stream: rgb   idx: 683
datasets/ViolentHumanActions_v1/data/test/juggling_soccer_ball/juggling_soccer_ball-Kinetics-test-0022.mp4
ground truth: juggling_soccer_ball	prediction: kicking_field_goal



stream: rgb   idx: 684
datasets/ViolentHumanActions_v1/data/test/juggling_soccer_ball/juggling_soccer_ball-Kinetics-test-0024.mp4
*** Error in `python': free(): invalid pointer: 0x00007f964d99d6a0 ***
/var/lib/slurm-llnl/slurmd/job244728/slurm_script: line 5: 15046 Aborted                 (core dumped) python eval_rgb.py --resume_iter 681 --resume_suffix '_681toEND'

======== GPU REPORT ========

==============NVSMI LOG==============

Timestamp                           : Tue Sep 11 14:15:03 2018
Driver Version                      : 396.37

Attached GPUs                       : 2
GPU 00000000:05:00.0
    Accounting Mode                 : Enabled
    Accounting Mode Buffer Size     : 4000
    Accounted Processes
        Process ID                  : 28305
            GPU Utilization         : 0 %
            Memory Utilization      : 8 %
            Max memory usage        : 490 MiB
            Time                    : 0 ms
            Is Running              : 1
        Process ID                  : 15753
            GPU Utilization         : 0 %
            Memory Utilization      : 8 %
            Max memory usage        : 204 MiB
            Time                    : 0 ms
            Is Running              : 1

GPU 00000000:06:00.0
    Accounting Mode                 : Enabled
    Accounting Mode Buffer Size     : 4000
    Accounted Processes
        Process ID                  : 15046
            GPU Utilization         : 71 %
            Memory Utilization      : 26 %
            Max memory usage        : 7739 MiB
            Time                    : 22996 ms
            Is Running              : 0
        Process ID                  : 28305
            GPU Utilization         : 25 %
            Memory Utilization      : 9 %
            Max memory usage        : 0 MiB
            Time                    : 0 ms
            Is Running              : 1
        Process ID                  : 404
            GPU Utilization         : 25 %
            Memory Utilization      : 9 %
            Max memory usage        : 0 MiB
            Time                    : 0 ms
            Is Running              : 1
        Process ID                  : 26261
            GPU Utilization         : 81 %
            Memory Utilization      : 29 %
            Max memory usage        : 0 MiB
            Time                    : 0 ms
            Is Running              : 1
        Process ID                  : 3343
            GPU Utilization         : 95 %
            Memory Utilization      : 37 %
            Max memory usage        : 4437 MiB
            Time                    : 0 ms
            Is Running              : 1

Tue Sep 11 14:15:03 2018       
+-----------------------------------------------------------------------------+
| NVIDIA-SMI 396.37                 Driver Version: 396.37                    |
|-------------------------------+----------------------+----------------------+
| GPU  Name        Persistence-M| Bus-Id        Disp.A | Volatile Uncorr. ECC |
| Fan  Temp  Perf  Pwr:Usage/Cap|         Memory-Usage | GPU-Util  Compute M. |
|===============================+======================+======================|
|   0  GeForce GTX 750 Ti  Off  | 00000000:05:00.0  On |                  N/A |
| 49%   57C    P8     1W /  38W |    501MiB /  2001MiB |      0%      Default |
+-------------------------------+----------------------+----------------------+
|   1  TITAN X (Pascal)    Off  | 00000000:06:00.0 Off |                  N/A |
| 72%   84C    P2   105W / 250W |   4449MiB / 12196MiB |     99%      Default |
+-------------------------------+----------------------+----------------------+
                                                                               
+-----------------------------------------------------------------------------+
| Processes:                                                       GPU Memory |
|  GPU       PID   Type   Process name                             Usage      |
|=============================================================================|
|    0     15753      G   kwin                                           7MiB |
|    0     28305      G   /usr/bin/X                                   490MiB |
|    1      3343      C   python                                      4437MiB |
+-----------------------------------------------------------------------------+
