
======== GPU REPORT ========

==============NVSMI LOG==============

Timestamp                           : Tue Sep 11 14:14:01 2018
Driver Version                      : 390.25

Attached GPUs                       : 2
GPU 00000000:05:00.0
    Accounting Mode                 : Enabled
    Accounting Mode Buffer Size     : 1920
    Accounted Processes             : None

GPU 00000000:09:00.0
    Accounting Mode                 : Enabled
    Accounting Mode Buffer Size     : 1920
    Accounted Processes
        Process ID                  : 23276
            GPU Utilization         : 4 %
            Memory Utilization      : 1 %
            Max memory usage        : 10811 MiB
            Time                    : 32727 ms
            Is Running              : 0
        Process ID                  : 32052
            GPU Utilization         : 6 %
            Memory Utilization      : 0 %
            Max memory usage        : 348 MiB
            Time                    : 3107 ms
            Is Running              : 0
        Process ID                  : 8449
            GPU Utilization         : 3 %
            Memory Utilization      : 0 %
            Max memory usage        : 348 MiB
            Time                    : 3365 ms
            Is Running              : 0
        Process ID                  : 1037
            GPU Utilization         : 3 %
            Memory Utilization      : 0 %
            Max memory usage        : 0 MiB
            Time                    : 3491 ms
            Is Running              : 0

Tue Sep 11 14:14:01 2018       
+-----------------------------------------------------------------------------+
| NVIDIA-SMI 390.25                 Driver Version: 390.25                    |
|-------------------------------+----------------------+----------------------+
| GPU  Name        Persistence-M| Bus-Id        Disp.A | Volatile Uncorr. ECC |
| Fan  Temp  Perf  Pwr:Usage/Cap|         Memory-Usage | GPU-Util  Compute M. |
|===============================+======================+======================|
|   0  GeForce GTX 750     Off  | 00000000:05:00.0  On |                  N/A |
| N/A   52C    P8     1W /  38W |     24MiB /  2001MiB |      0%      Default |
+-------------------------------+----------------------+----------------------+
|   1  GeForce GTX TIT...  Off  | 00000000:09:00.0 Off |                  N/A |
| 24%   56C    P8    18W / 250W |      1MiB / 12212MiB |      0%      Default |
+-------------------------------+----------------------+----------------------+
                                                                               
+-----------------------------------------------------------------------------+
| Processes:                                                       GPU Memory |
|  GPU       PID   Type   Process name                             Usage      |
|=============================================================================|
|    0      1411      G   /usr/bin/X                                    21MiB |
+-----------------------------------------------------------------------------+
